<?xml version="1.0" encoding="UTF-8"?>
<!-- Generated by org.testng.reporters.JUnitXMLReporter -->
<testsuite hostname="DESKTOP-LN776CG" ignored="0" name="Test" tests="3" failures="2" timestamp="2021-11-22T10:20:35 IST" time="20.721" errors="0">
  <testcase name="validateLoginTest" time="0.037" classname="com.testcases.LoginPageTest">
    <failure type="java.lang.IllegalArgumentException" message="Keys to send should be a not null CharSequence">
      <![CDATA[java.lang.IllegalArgumentException: Keys to send should be a not null CharSequence
at org.openqa.selenium.remote.RemoteWebElement.sendKeys(RemoteWebElement.java:97)
at org.openqa.selenium.support.pagefactory.internal.LocatingElementHandler.invoke(LocatingElementHandler.java:51)
at com.sun.proxy.$Proxy14.sendKeys(Unknown Source)
at com.pages.LoginPage.validateLogin(LoginPage.java:23)
at com.testcases.LoginPageTest.validateLoginTest(LoginPageTest.java:44)
at java.util.ArrayList.forEach(Unknown Source)
... Removed 31 stack frames]]>
    </failure>
  </testcase> <!-- validateLoginTest -->
  <testcase name="validateLoginTestUsingParameters" time="0.0" classname="com.testcases.LoginPageTest">
    <failure type="org.testng.TestNGException" message="
Parameter &amp;apos;pass&amp;apos; is required by @Test on method validateLoginTestUsingParameters but has not been marked @Optional or defined
in D:\java programs\seleniumtestngframework\testng.xml">
      <![CDATA[org.testng.TestNGException: 
Parameter 'pass' is required by @Test on method validateLoginTestUsingParameters but has not been marked @Optional or defined
in D:\java programs\seleniumtestngframework\testng.xml
at java.util.ArrayList.forEach(Unknown Source)
... Removed 26 stack frames]]>
    </failure>
  </testcase> <!-- validateLoginTestUsingParameters -->
  <testcase name="validateTitleTest" time="0.014" classname="com.testcases.LoginPageTest"/>
</testsuite> <!-- Test -->
